<?xml version="1.0" encoding="UTF-8"?>
<!-- Generated by org.testng.reporters.JUnitReportReporter -->
<testsuite hostname="omar-VirtualBox" failures="0" tests="3" name="webUITests.WebUITests" time="2.011" errors="0" timestamp="2021-05-24T13:22:32 CEST" skipped="0">
  <testcase classname="webUITests.WebUITests" name="takescreenshot" time="0.106"/>
  <system-out/>
  <testcase classname="webUITests.WebUITests" name="openBrowserHeadless" time="1.380"/>
  <system-out/>
  <testcase classname="webUITests.WebUITests" name="navigateToURL" time="0.525"/>
  <system-out/>
</testsuite> <!-- webUITests.WebUITests -->
